<?xml version="1.0" encoding="UTF-8"?>
<TestRun id="aa82379f-53ca-4d2f-87ef-acba30b53f83" name="USIAIRV@USWBU-L-102545 2012-01-30 16:19:43" runUser="AMERICAS\USIAIRV" xmlns="http://microsoft.com/schemas/VisualStudio/TeamTest/2010">
  <TestSettings name="Local" id="ce56a872-60c8-4202-a207-e6391427b4c6">
    <Description>These are default test settings for a local test run.</Description>
    <Deployment enabled="false" runDeploymentRoot="USIAIRV_USWBU-L-102545 2012-01-30 16_19_43">
      <DeploymentItem filename="C:\Work\TestProjects\TDD\TDD\bin\Debug\TDD.exe" />
    </Deployment>
    <Execution>
      <TestTypeSpecific />
      <AgentRule name="Execution Agents">
      </AgentRule>
    </Execution>
  </TestSettings>
  <Times creation="2012-01-30T16:19:43.2565471-07:00" queuing="2012-01-30T16:19:43.7195471-07:00" start="2012-01-30T16:19:43.7595471-07:00" finish="2012-01-30T16:19:44.2035471-07:00" />
  <ResultSummary outcome="Failed">
    <Counters total="1" executed="1" error="0" failed="1" timeout="0" aborted="0" inconclusive="0" passedButRunAborted="0" notRunnable="0" notExecuted="0" disconnected="0" warning="0" passed="0" completed="0" inProgress="0" pending="0" />
  </ResultSummary>
  <TestDefinitions>
    <UnitTest name="TestMethod1" storage="c:\work\testprojects\tdd\tdd.tests\bin\debug\tdd.tests.dll" id="c0b6f529-13b2-6776-fe18-bbaf8f7f2a56">
      <Execution id="f01c6727-7dab-44b9-85d7-ba5490306a01" />
      <TestMethod codeBase="C:/Work/TestProjects/TDD/TDD.Tests/bin/Debug/TDD.Tests.DLL" adapterTypeName="Microsoft.VisualStudio.TestTools.TestTypes.Unit.UnitTestAdapter, Microsoft.VisualStudio.QualityTools.Tips.UnitTest.Adapter, Version=10.0.0.0, Culture=neutral, PublicKeyToken=b03f5f7f11d50a3a" className="TDD.Tests.UnitTest1, TDD.Tests, Version=1.0.0.0, Culture=neutral, PublicKeyToken=null" name="TestMethod1" />
    </UnitTest>
  </TestDefinitions>
  <TestLists>
    <TestList name="Results Not in a List" id="8c84fa94-04c1-424b-9868-57a2d4851a1d" />
    <TestList name="All Loaded Results" id="19431567-8539-422a-85d7-44ee4e166bda" />
  </TestLists>
  <TestEntries>
    <TestEntry testId="c0b6f529-13b2-6776-fe18-bbaf8f7f2a56" executionId="f01c6727-7dab-44b9-85d7-ba5490306a01" testListId="8c84fa94-04c1-424b-9868-57a2d4851a1d" />
  </TestEntries>
  <Results>
    <UnitTestResult executionId="f01c6727-7dab-44b9-85d7-ba5490306a01" testId="c0b6f529-13b2-6776-fe18-bbaf8f7f2a56" testName="TestMethod1" computerName="USWBU-L-102545" duration="00:00:00.0670051" startTime="2012-01-30T16:19:43.7735471-07:00" endTime="2012-01-30T16:19:44.1535471-07:00" testType="13cdc9d9-ddb5-4fa4-a97d-d965ccfc6d4b" outcome="Failed" testListId="8c84fa94-04c1-424b-9868-57a2d4851a1d" relativeResultsDirectory="f01c6727-7dab-44b9-85d7-ba5490306a01">
      <Output>
        <ErrorInfo>
          <Message>Test method TDD.Tests.UnitTest1.TestMethod1 threw exception: 
System.NotImplementedException: The method or operation is not implemented.</Message>
          <StackTrace>    at TDD.Tests.SizeGrouper.Group(List`1 measurements) in C:\Work\TestProjects\TDD\TDD.Tests\SizeGrouper.cs:line 20
   at TDD.Tests.UnitTest1.TestMethod1() in C:\Work\TestProjects\TDD\TDD.Tests\UnitTest1.cs:line 71
</StackTrace>
        </ErrorInfo>
      </Output>
    </UnitTestResult>
  </Results>
</TestRun>