<?xml version="1.0" encoding="UTF-8"?>
<TestRun id="788ec617-9322-47a2-b335-ecdedab9a882" name="USIAIRV@USWBU-L-102545 2012-01-30 16:45:34" runUser="AMERICAS\USIAIRV" xmlns="http://microsoft.com/schemas/VisualStudio/TeamTest/2010">
  <TestSettings name="Local" id="ce56a872-60c8-4202-a207-e6391427b4c6">
    <Description>These are default test settings for a local test run.</Description>
    <Deployment enabled="false" runDeploymentRoot="USIAIRV_USWBU-L-102545 2012-01-30 16_45_34">
      <DeploymentItem filename="C:\Work\TestProjects\TDD\TDD\bin\Debug\TDD.exe" />
    </Deployment>
    <Execution>
      <TestTypeSpecific />
      <AgentRule name="Execution Agents">
      </AgentRule>
    </Execution>
  </TestSettings>
  <Times creation="2012-01-30T16:45:34.4165471-07:00" queuing="2012-01-30T16:45:34.4625471-07:00" start="2012-01-30T16:45:34.4665471-07:00" finish="2012-01-30T16:45:34.6955471-07:00" />
  <ResultSummary outcome="Completed">
    <Counters total="1" executed="1" passed="1" error="0" failed="0" timeout="0" aborted="0" inconclusive="0" passedButRunAborted="0" notRunnable="0" notExecuted="0" disconnected="0" warning="0" completed="0" inProgress="0" pending="0" />
  </ResultSummary>
  <TestDefinitions>
    <UnitTest name="Grouping_list_of_one_by_one_produces_group_of_size_one" storage="c:\work\testprojects\tdd\tdd.tests\bin\debug\tdd.tests.dll" id="1ed45d09-3c7c-6df5-4688-d8ce7df1f4a7">
      <Execution id="430d332c-0aa8-458b-be66-828038b3846c" />
      <TestMethod codeBase="C:/Work/TestProjects/TDD/TDD.Tests/bin/Debug/TDD.Tests.DLL" adapterTypeName="Microsoft.VisualStudio.TestTools.TestTypes.Unit.UnitTestAdapter, Microsoft.VisualStudio.QualityTools.Tips.UnitTest.Adapter, Version=10.0.0.0, Culture=neutral, PublicKeyToken=b03f5f7f11d50a3a" className="TDD.Tests.SizeGrouper_Tests, TDD.Tests, Version=1.0.0.0, Culture=neutral, PublicKeyToken=null" name="Grouping_list_of_one_by_one_produces_group_of_size_one" />
    </UnitTest>
  </TestDefinitions>
  <TestLists>
    <TestList name="Results Not in a List" id="8c84fa94-04c1-424b-9868-57a2d4851a1d" />
    <TestList name="All Loaded Results" id="19431567-8539-422a-85d7-44ee4e166bda" />
  </TestLists>
  <TestEntries>
    <TestEntry testId="1ed45d09-3c7c-6df5-4688-d8ce7df1f4a7" executionId="430d332c-0aa8-458b-be66-828038b3846c" testListId="8c84fa94-04c1-424b-9868-57a2d4851a1d" />
  </TestEntries>
  <Results>
    <UnitTestResult executionId="430d332c-0aa8-458b-be66-828038b3846c" testId="1ed45d09-3c7c-6df5-4688-d8ce7df1f4a7" testName="Grouping_list_of_one_by_one_produces_group_of_size_one" computerName="USWBU-L-102545" duration="00:00:00.0134897" startTime="2012-01-30T16:45:34.4735471-07:00" endTime="2012-01-30T16:45:34.6815471-07:00" testType="13cdc9d9-ddb5-4fa4-a97d-d965ccfc6d4b" outcome="Passed" testListId="8c84fa94-04c1-424b-9868-57a2d4851a1d" relativeResultsDirectory="430d332c-0aa8-458b-be66-828038b3846c">
    </UnitTestResult>
  </Results>
</TestRun>